<?xml version="1.0" encoding="UTF-8"?>
<!-- Generated by org.testng.reporters.JUnitXMLReporter -->
<testsuite hostname="DESKTOP-PJ5JRQT" ignored="0" name="Default test" tests="3" failures="0" timestamp="08 Dec 2020 03:23:59 GMT" time="42.141" errors="0">
  <testcase name="dataProvider" time="14.823" classname="com.sample.testng.TestNGDataProvider"/>
  <testcase name="dataProvider" time="13.555" classname="com.sample.testng.TestNGDataProvider"/>
  <testcase name="dataProvider" time="13.719" classname="com.sample.testng.TestNGDataProvider"/>
</testsuite> <!-- Default test -->
